#-----------------------------------------------------------
# Vivado v2019.1 (64-bit)
# SW Build 2552052 on Fri May 24 14:49:42 MDT 2019
# IP Build 2548770 on Fri May 24 18:01:18 MDT 2019
# Start of session at: Mon Nov  8 19:37:19 2021
# Process ID: 21144
# Current directory: E:/Vivado/RealVivado/Labs/Lab11_DataTransmission/Lab11_DataTransmission
# Command line: vivado.exe -gui_launcher_event rodinguilauncherevent17488 E:\Vivado\RealVivado\Labs\Lab11_DataTransmission\Lab11_DataTransmission\Lab11_DataTransmission.xpr
# Log file: E:/Vivado/RealVivado/Labs/Lab11_DataTransmission/Lab11_DataTransmission/vivado.log
# Journal file: E:/Vivado/RealVivado/Labs/Lab11_DataTransmission/Lab11_DataTransmission\vivado.jou
#-----------------------------------------------------------
start_gui
open_project E:/Vivado/RealVivado/Labs/Lab11_DataTransmission/Lab11_DataTransmission/Lab11_DataTransmission.xpr
INFO: [Project 1-313] Project file moved from 'D:/Vivado/3300L/Lab11_DataTransmission' since last save.
Scanning sources...
Finished scanning sources
INFO: [IP_Flow 19-234] Refreshing IP repositories
INFO: [IP_Flow 19-1704] No user IP repositories specified
INFO: [IP_Flow 19-2313] Loaded Vivado IP repository 'E:/Vivado/RealVivado/Vivado/2019.1/data/ip'.
update_compile_order -fileset sources_1
reset_run synth_1
launch_runs impl_1 -to_step write_bitstream -jobs 4
[Mon Nov  8 19:37:46 2021] Launched synth_1...
Run output will be captured here: E:/Vivado/RealVivado/Labs/Lab11_DataTransmission/Lab11_DataTransmission/Lab11_DataTransmission.runs/synth_1/runme.log
[Mon Nov  8 19:37:46 2021] Launched impl_1...
Run output will be captured here: E:/Vivado/RealVivado/Labs/Lab11_DataTransmission/Lab11_DataTransmission/Lab11_DataTransmission.runs/impl_1/runme.log
open_hw
connect_hw_server -url localhost:3121
INFO: [Labtools 27-2285] Connecting to hw_server url TCP:localhost:3121
INFO: [Labtools 27-2222] Launching hw_server...
INFO: [Labtools 27-2221] Launch Output:

****** Xilinx hw_server v2019.1
  **** Build date : May 24 2019 at 15:13:31
    ** Copyright 1986-2019 Xilinx, Inc. All Rights Reserved.


current_hw_target [get_hw_targets */xilinx_tcf/Digilent/210292B17D5FA]
set_property PARAM.FREQUENCY 3000000 [get_hw_targets */xilinx_tcf/Digilent/210292B17D5FA]
open_hw_target
INFO: [Labtoolstcl 44-466] Opening hw_target localhost:3121/xilinx_tcf/Digilent/210292B17D5FA
open_hw_target: Time (s): cpu = 00:00:05 ; elapsed = 00:00:05 . Memory (MB): peak = 1928.441 ; gain = 1124.074
set_property PROGRAM.FILE {E:/Vivado/RealVivado/Labs/Lab11_DataTransmission/Lab11_DataTransmission/Lab11_DataTransmission.runs/impl_1/main.bit} [get_hw_devices xc7a100t_0]
current_hw_device [get_hw_devices xc7a100t_0]
refresh_hw_device -update_hw_probes false [lindex [get_hw_devices xc7a100t_0] 0]
INFO: [Labtools 27-1434] Device xc7a100t (JTAG device index = 0) is programmed with a design that has no supported debug core(s) in it.
set_property PROBES.FILE {} [get_hw_devices xc7a100t_0]
set_property FULL_PROBES.FILE {} [get_hw_devices xc7a100t_0]
set_property PROGRAM.FILE {E:/Vivado/RealVivado/Labs/Lab11_DataTransmission/Lab11_DataTransmission/Lab11_DataTransmission.runs/impl_1/main.bit} [get_hw_devices xc7a100t_0]
program_hw_devices [get_hw_devices xc7a100t_0]
INFO: [Labtools 27-3164] End of startup status: HIGH
program_hw_devices: Time (s): cpu = 00:00:10 ; elapsed = 00:00:10 . Memory (MB): peak = 1965.688 ; gain = 0.000
refresh_hw_device [lindex [get_hw_devices xc7a100t_0] 0]
INFO: [Labtools 27-1434] Device xc7a100t (JTAG device index = 0) is programmed with a design that has no supported debug core(s) in it.
exit
INFO: [Common 17-206] Exiting Vivado at Mon Nov  8 19:47:48 2021...
