#-----------------------------------------------------------
# Vivado v2019.1 (64-bit)
# SW Build 2552052 on Fri May 24 14:49:42 MDT 2019
# IP Build 2548770 on Fri May 24 18:01:18 MDT 2019
# Start of session at: Sat Oct 23 19:33:16 2021
# Process ID: 61796
# Current directory: E:/Vivado/RealVivado/Labs/Lab3
# Command line: vivado.exe -gui_launcher_event rodinguilauncherevent11992 E:\Vivado\RealVivado\Labs\Lab3\Lab3.xpr
# Log file: E:/Vivado/RealVivado/Labs/Lab3/vivado.log
# Journal file: E:/Vivado/RealVivado/Labs/Lab3\vivado.jou
#-----------------------------------------------------------
start_gui
open_project E:/Vivado/RealVivado/Labs/Lab3/Lab3.xpr
Scanning sources...
Finished scanning sources
INFO: [IP_Flow 19-234] Refreshing IP repositories
INFO: [IP_Flow 19-1704] No user IP repositories specified
INFO: [IP_Flow 19-2313] Loaded Vivado IP repository 'E:/Vivado/RealVivado/Vivado/2019.1/data/ip'.
open_project: Time (s): cpu = 00:00:10 ; elapsed = 00:00:07 . Memory (MB): peak = 656.695 ; gain = 81.789
update_compile_order -fileset sources_1
exit
INFO: [Common 17-206] Exiting Vivado at Sat Oct 23 22:07:25 2021...
