#-----------------------------------------------------------
# Vivado v2019.1 (64-bit)
# SW Build 2552052 on Fri May 24 14:49:42 MDT 2019
# IP Build 2548770 on Fri May 24 18:01:18 MDT 2019
# Start of session at: Sun Nov 14 21:59:04 2021
# Process ID: 33288
# Current directory: E:/Vivado/RealVivado/Labs/Lab11
# Command line: vivado.exe -gui_launcher_event rodinguilauncherevent23920 E:\Vivado\RealVivado\Labs\Lab11\Lab11.xpr
# Log file: E:/Vivado/RealVivado/Labs/Lab11/vivado.log
# Journal file: E:/Vivado/RealVivado/Labs/Lab11\vivado.jou
#-----------------------------------------------------------
start_gui
open_project E:/Vivado/RealVivado/Labs/Lab11/Lab11.xpr
Scanning sources...
Finished scanning sources
INFO: [IP_Flow 19-234] Refreshing IP repositories
INFO: [IP_Flow 19-1704] No user IP repositories specified
INFO: [IP_Flow 19-2313] Loaded Vivado IP repository 'E:/Vivado/RealVivado/Vivado/2019.1/data/ip'.
open_project: Time (s): cpu = 00:00:11 ; elapsed = 00:00:06 . Memory (MB): peak = 731.422 ; gain = 85.508
update_compile_order -fileset sources_1
exit
INFO: [Common 17-206] Exiting Vivado at Sun Nov 14 23:17:34 2021...
