#-----------------------------------------------------------
# Vivado v2019.1 (64-bit)
# SW Build 2552052 on Fri May 24 14:49:42 MDT 2019
# IP Build 2548770 on Fri May 24 18:01:18 MDT 2019
# Start of session at: Wed Mar  9 18:45:32 2022
# Process ID: 85204
# Current directory: E:/Vivado/RealVivado/Labs/LabFinal
# Command line: vivado.exe -gui_launcher_event rodinguilauncherevent82936 E:\Vivado\RealVivado\Labs\LabFinal\LabFinal.xpr
# Log file: E:/Vivado/RealVivado/Labs/LabFinal/vivado.log
# Journal file: E:/Vivado/RealVivado/Labs/LabFinal\vivado.jou
#-----------------------------------------------------------
start_gui
open_project E:/Vivado/RealVivado/Labs/LabFinal/LabFinal.xpr
Scanning sources...
Finished scanning sources
INFO: [IP_Flow 19-234] Refreshing IP repositories
INFO: [IP_Flow 19-1704] No user IP repositories specified
INFO: [IP_Flow 19-2313] Loaded Vivado IP repository 'E:/Vivado/RealVivado/Vivado/2019.1/data/ip'.
open_project: Time (s): cpu = 00:00:11 ; elapsed = 00:00:06 . Memory (MB): peak = 745.492 ; gain = 95.934
update_compile_order -fileset sources_1
exit
INFO: [Common 17-206] Exiting Vivado at Wed Mar  9 23:48:25 2022...
