
*** Running vivado
    with args -log main.vds -m64 -product Vivado -mode batch -messageDb vivado.pb -notrace -source main.tcl


****** Vivado v2019.1 (64-bit)
  **** SW Build 2552052 on Fri May 24 14:49:42 MDT 2019
  **** IP Build 2548770 on Fri May 24 18:01:18 MDT 2019
    ** Copyright 1986-2019 Xilinx, Inc. All Rights Reserved.

source main.tcl -notrace
Command: synth_design -top main -part xc7a100tcsg324-1
Starting synth_design
Attempting to get a license for feature 'Synthesis' and/or device 'xc7a100t'
INFO: [Common 17-349] Got license for feature 'Synthesis' and/or device 'xc7a100t'
INFO: [Device 21-403] Loading part xc7a100tcsg324-1
INFO: Launching helper process for spawning children vivado processes
INFO: Helper process launched with PID 11884 
---------------------------------------------------------------------------------
Starting RTL Elaboration : Time (s): cpu = 00:00:03 ; elapsed = 00:00:04 . Memory (MB): peak = 718.531 ; gain = 178.402
---------------------------------------------------------------------------------
INFO: [Synth 8-6157] synthesizing module 'main' [E:/Vivado/RealVivado/Labs/Lab11_DataTransmission/Lab11_DataTransmission/Lab11_DataTransmission.srcs/sources_1/new/main.v:3]
INFO: [Synth 8-6157] synthesizing module 'slowclkgen' [E:/Vivado/RealVivado/Labs/Lab11_DataTransmission/Lab11_DataTransmission/Lab11_DataTransmission.srcs/sources_1/new/slowclkgen.v:3]
INFO: [Synth 8-6155] done synthesizing module 'slowclkgen' (1#1) [E:/Vivado/RealVivado/Labs/Lab11_DataTransmission/Lab11_DataTransmission/Lab11_DataTransmission.srcs/sources_1/new/slowclkgen.v:3]
INFO: [Synth 8-6157] synthesizing module 'shift' [E:/Vivado/RealVivado/Labs/Lab11_DataTransmission/Lab11_DataTransmission/Lab11_DataTransmission.srcs/sources_1/new/shift.v:3]
INFO: [Synth 8-6157] synthesizing module 'muxdff' [E:/Vivado/RealVivado/Labs/Lab11_DataTransmission/Lab11_DataTransmission/Lab11_DataTransmission.srcs/sources_1/new/shift.v:18]
INFO: [Synth 8-6155] done synthesizing module 'muxdff' (2#1) [E:/Vivado/RealVivado/Labs/Lab11_DataTransmission/Lab11_DataTransmission/Lab11_DataTransmission.srcs/sources_1/new/shift.v:18]
INFO: [Synth 8-6155] done synthesizing module 'shift' (3#1) [E:/Vivado/RealVivado/Labs/Lab11_DataTransmission/Lab11_DataTransmission/Lab11_DataTransmission.srcs/sources_1/new/shift.v:3]
INFO: [Synth 8-6157] synthesizing module 'counter' [E:/Vivado/RealVivado/Labs/Lab11_DataTransmission/Lab11_DataTransmission/Lab11_DataTransmission.srcs/sources_1/new/counter.v:3]
INFO: [Synth 8-6155] done synthesizing module 'counter' (4#1) [E:/Vivado/RealVivado/Labs/Lab11_DataTransmission/Lab11_DataTransmission/Lab11_DataTransmission.srcs/sources_1/new/counter.v:3]
INFO: [Synth 8-6157] synthesizing module 'oddParityGen' [E:/Vivado/RealVivado/Labs/Lab11_DataTransmission/Lab11_DataTransmission/Lab11_DataTransmission.srcs/sources_1/new/oddParityGen.v:3]
	Parameter even bound to: 2'b01 
	Parameter odd bound to: 2'b00 
INFO: [Synth 8-226] default block is never used [E:/Vivado/RealVivado/Labs/Lab11_DataTransmission/Lab11_DataTransmission/Lab11_DataTransmission.srcs/sources_1/new/oddParityGen.v:24]
INFO: [Synth 8-6155] done synthesizing module 'oddParityGen' (5#1) [E:/Vivado/RealVivado/Labs/Lab11_DataTransmission/Lab11_DataTransmission/Lab11_DataTransmission.srcs/sources_1/new/oddParityGen.v:3]
INFO: [Synth 8-6157] synthesizing module 'selectD' [E:/Vivado/RealVivado/Labs/Lab11_DataTransmission/Lab11_DataTransmission/Lab11_DataTransmission.srcs/sources_1/new/selectD.v:3]
INFO: [Synth 8-6155] done synthesizing module 'selectD' (6#1) [E:/Vivado/RealVivado/Labs/Lab11_DataTransmission/Lab11_DataTransmission/Lab11_DataTransmission.srcs/sources_1/new/selectD.v:3]
INFO: [Synth 8-6157] synthesizing module 'mux' [E:/Vivado/RealVivado/Labs/Lab11_DataTransmission/Lab11_DataTransmission/Lab11_DataTransmission.srcs/sources_1/new/mux.v:3]
INFO: [Synth 8-6155] done synthesizing module 'mux' (7#1) [E:/Vivado/RealVivado/Labs/Lab11_DataTransmission/Lab11_DataTransmission/Lab11_DataTransmission.srcs/sources_1/new/mux.v:3]
INFO: [Synth 8-6157] synthesizing module 'displayLED' [E:/Vivado/RealVivado/Labs/Lab11_DataTransmission/Lab11_DataTransmission/Lab11_DataTransmission.srcs/sources_1/new/displayLED.v:2]
INFO: [Synth 8-226] default block is never used [E:/Vivado/RealVivado/Labs/Lab11_DataTransmission/Lab11_DataTransmission/Lab11_DataTransmission.srcs/sources_1/new/displayLED.v:16]
INFO: [Synth 8-6155] done synthesizing module 'displayLED' (8#1) [E:/Vivado/RealVivado/Labs/Lab11_DataTransmission/Lab11_DataTransmission/Lab11_DataTransmission.srcs/sources_1/new/displayLED.v:2]
INFO: [Synth 8-6155] done synthesizing module 'main' (9#1) [E:/Vivado/RealVivado/Labs/Lab11_DataTransmission/Lab11_DataTransmission/Lab11_DataTransmission.srcs/sources_1/new/main.v:3]
---------------------------------------------------------------------------------
Finished RTL Elaboration : Time (s): cpu = 00:00:04 ; elapsed = 00:00:05 . Memory (MB): peak = 780.812 ; gain = 240.684
---------------------------------------------------------------------------------

Report Check Netlist: 
+------+------------------+-------+---------+-------+------------------+
|      |Item              |Errors |Warnings |Status |Description       |
+------+------------------+-------+---------+-------+------------------+
|1     |multi_driven_nets |      0|        0|Passed |Multi driven nets |
+------+------------------+-------+---------+-------+------------------+
---------------------------------------------------------------------------------
Start Handling Custom Attributes
---------------------------------------------------------------------------------
---------------------------------------------------------------------------------
Finished Handling Custom Attributes : Time (s): cpu = 00:00:04 ; elapsed = 00:00:05 . Memory (MB): peak = 780.812 ; gain = 240.684
---------------------------------------------------------------------------------
---------------------------------------------------------------------------------
Finished RTL Optimization Phase 1 : Time (s): cpu = 00:00:04 ; elapsed = 00:00:05 . Memory (MB): peak = 780.812 ; gain = 240.684
---------------------------------------------------------------------------------
INFO: [Project 1-570] Preparing netlist for logic optimization

Processing XDC Constraints
Initializing timing engine
Parsing XDC File [E:/Vivado/RealVivado/Labs/Lab11_DataTransmission/Lab11_DataTransmission/Lab11_DataTransmission.srcs/constrs_1/imports/Desktop/Nexys-A7-100T-Master.xdc]
Finished Parsing XDC File [E:/Vivado/RealVivado/Labs/Lab11_DataTransmission/Lab11_DataTransmission/Lab11_DataTransmission.srcs/constrs_1/imports/Desktop/Nexys-A7-100T-Master.xdc]
INFO: [Project 1-236] Implementation specific constraints were found while reading constraint file [E:/Vivado/RealVivado/Labs/Lab11_DataTransmission/Lab11_DataTransmission/Lab11_DataTransmission.srcs/constrs_1/imports/Desktop/Nexys-A7-100T-Master.xdc]. These constraints will be ignored for synthesis but will be used in implementation. Impacted constraints are listed in the file [.Xil/main_propImpl.xdc].
Resolution: To avoid this warning, move constraints listed in [.Xil/main_propImpl.xdc] to another XDC file and exclude this new file from synthesis with the used_in_synthesis property (File Properties dialog in GUI) and re-run elaboration/synthesis.
Completed Processing XDC Constraints

Netlist sorting complete. Time (s): cpu = 00:00:00 ; elapsed = 00:00:00.001 . Memory (MB): peak = 881.898 ; gain = 0.000
INFO: [Project 1-111] Unisim Transformation Summary:
No Unisim elements were transformed.

Constraint Validation Runtime : Time (s): cpu = 00:00:00 ; elapsed = 00:00:00.002 . Memory (MB): peak = 881.898 ; gain = 0.000
---------------------------------------------------------------------------------
Finished Constraint Validation : Time (s): cpu = 00:00:10 ; elapsed = 00:00:12 . Memory (MB): peak = 881.898 ; gain = 341.770
---------------------------------------------------------------------------------
---------------------------------------------------------------------------------
Start Loading Part and Timing Information
---------------------------------------------------------------------------------
Loading part: xc7a100tcsg324-1
---------------------------------------------------------------------------------
Finished Loading Part and Timing Information : Time (s): cpu = 00:00:10 ; elapsed = 00:00:12 . Memory (MB): peak = 881.898 ; gain = 341.770
---------------------------------------------------------------------------------
---------------------------------------------------------------------------------
Start Applying 'set_property' XDC Constraints
---------------------------------------------------------------------------------
---------------------------------------------------------------------------------
Finished applying 'set_property' XDC Constraints : Time (s): cpu = 00:00:10 ; elapsed = 00:00:12 . Memory (MB): peak = 881.898 ; gain = 341.770
---------------------------------------------------------------------------------
---------------------------------------------------------------------------------
Finished RTL Optimization Phase 2 : Time (s): cpu = 00:00:10 ; elapsed = 00:00:13 . Memory (MB): peak = 881.898 ; gain = 341.770
---------------------------------------------------------------------------------

Report RTL Partitions: 
+-+--------------+------------+----------+
| |RTL Partition |Replication |Instances |
+-+--------------+------------+----------+
+-+--------------+------------+----------+
---------------------------------------------------------------------------------
Start RTL Component Statistics 
---------------------------------------------------------------------------------
Detailed RTL Component Info : 
+---Adders : 
	   2 Input     27 Bit       Adders := 1     
	   2 Input      3 Bit       Adders := 1     
+---Registers : 
	                8 Bit    Registers := 1     
	                3 Bit    Registers := 1     
	                1 Bit    Registers := 10    
+---Muxes : 
	   8 Input      8 Bit        Muxes := 1     
	   2 Input      1 Bit        Muxes := 11    
---------------------------------------------------------------------------------
Finished RTL Component Statistics 
---------------------------------------------------------------------------------
---------------------------------------------------------------------------------
Start RTL Hierarchical Component Statistics 
---------------------------------------------------------------------------------
Hierarchical RTL Component report 
Module slowclkgen 
Detailed RTL Component Info : 
+---Adders : 
	   2 Input     27 Bit       Adders := 1     
+---Registers : 
	                1 Bit    Registers := 1     
Module muxdff 
Detailed RTL Component Info : 
+---Registers : 
	                1 Bit    Registers := 1     
+---Muxes : 
	   2 Input      1 Bit        Muxes := 1     
Module counter 
Detailed RTL Component Info : 
+---Adders : 
	   2 Input      3 Bit       Adders := 1     
+---Registers : 
	                3 Bit    Registers := 1     
Module oddParityGen 
Detailed RTL Component Info : 
+---Registers : 
	                1 Bit    Registers := 1     
+---Muxes : 
	   2 Input      1 Bit        Muxes := 1     
Module selectD 
Detailed RTL Component Info : 
+---Muxes : 
	   2 Input      1 Bit        Muxes := 1     
Module mux 
Detailed RTL Component Info : 
+---Muxes : 
	   2 Input      1 Bit        Muxes := 1     
Module displayLED 
Detailed RTL Component Info : 
+---Registers : 
	                8 Bit    Registers := 1     
+---Muxes : 
	   8 Input      8 Bit        Muxes := 1     
---------------------------------------------------------------------------------
Finished RTL Hierarchical Component Statistics
---------------------------------------------------------------------------------
---------------------------------------------------------------------------------
Start Part Resource Summary
---------------------------------------------------------------------------------
Part Resources:
DSPs: 240 (col length:80)
BRAMs: 270 (col length: RAMB18 80 RAMB36 40)
---------------------------------------------------------------------------------
Finished Part Resource Summary
---------------------------------------------------------------------------------
---------------------------------------------------------------------------------
Start Cross Boundary and Area Optimization
---------------------------------------------------------------------------------
Warning: Parallel synthesis criteria is not met 
---------------------------------------------------------------------------------
Finished Cross Boundary and Area Optimization : Time (s): cpu = 00:00:11 ; elapsed = 00:00:14 . Memory (MB): peak = 881.898 ; gain = 341.770
---------------------------------------------------------------------------------

Report RTL Partitions: 
+-+--------------+------------+----------+
| |RTL Partition |Replication |Instances |
+-+--------------+------------+----------+
+-+--------------+------------+----------+
---------------------------------------------------------------------------------
Start Applying XDC Timing Constraints
---------------------------------------------------------------------------------
---------------------------------------------------------------------------------
Finished Applying XDC Timing Constraints : Time (s): cpu = 00:00:19 ; elapsed = 00:00:23 . Memory (MB): peak = 881.898 ; gain = 341.770
---------------------------------------------------------------------------------
---------------------------------------------------------------------------------
Start Timing Optimization
---------------------------------------------------------------------------------
---------------------------------------------------------------------------------
Finished Timing Optimization : Time (s): cpu = 00:00:19 ; elapsed = 00:00:23 . Memory (MB): peak = 898.430 ; gain = 358.301
---------------------------------------------------------------------------------

Report RTL Partitions: 
+-+--------------+------------+----------+
| |RTL Partition |Replication |Instances |
+-+--------------+------------+----------+
+-+--------------+------------+----------+
---------------------------------------------------------------------------------
Start Technology Mapping
---------------------------------------------------------------------------------
---------------------------------------------------------------------------------
Finished Technology Mapping : Time (s): cpu = 00:00:19 ; elapsed = 00:00:23 . Memory (MB): peak = 899.203 ; gain = 359.074
---------------------------------------------------------------------------------

Report RTL Partitions: 
+-+--------------+------------+----------+
| |RTL Partition |Replication |Instances |
+-+--------------+------------+----------+
+-+--------------+------------+----------+
---------------------------------------------------------------------------------
Start IO Insertion
---------------------------------------------------------------------------------
---------------------------------------------------------------------------------
Start Flattening Before IO Insertion
---------------------------------------------------------------------------------
---------------------------------------------------------------------------------
Finished Flattening Before IO Insertion
---------------------------------------------------------------------------------
---------------------------------------------------------------------------------
Start Final Netlist Cleanup
---------------------------------------------------------------------------------
---------------------------------------------------------------------------------
Finished Final Netlist Cleanup
---------------------------------------------------------------------------------
---------------------------------------------------------------------------------
Finished IO Insertion : Time (s): cpu = 00:00:21 ; elapsed = 00:00:26 . Memory (MB): peak = 906.039 ; gain = 365.910
---------------------------------------------------------------------------------

Report Check Netlist: 
+------+------------------+-------+---------+-------+------------------+
|      |Item              |Errors |Warnings |Status |Description       |
+------+------------------+-------+---------+-------+------------------+
|1     |multi_driven_nets |      0|        0|Passed |Multi driven nets |
+------+------------------+-------+---------+-------+------------------+
---------------------------------------------------------------------------------
Start Renaming Generated Instances
---------------------------------------------------------------------------------
---------------------------------------------------------------------------------
Finished Renaming Generated Instances : Time (s): cpu = 00:00:21 ; elapsed = 00:00:26 . Memory (MB): peak = 906.039 ; gain = 365.910
---------------------------------------------------------------------------------

Report RTL Partitions: 
+-+--------------+------------+----------+
| |RTL Partition |Replication |Instances |
+-+--------------+------------+----------+
+-+--------------+------------+----------+
---------------------------------------------------------------------------------
Start Rebuilding User Hierarchy
---------------------------------------------------------------------------------
---------------------------------------------------------------------------------
Finished Rebuilding User Hierarchy : Time (s): cpu = 00:00:21 ; elapsed = 00:00:26 . Memory (MB): peak = 906.039 ; gain = 365.910
---------------------------------------------------------------------------------
---------------------------------------------------------------------------------
Start Renaming Generated Ports
---------------------------------------------------------------------------------
---------------------------------------------------------------------------------
Finished Renaming Generated Ports : Time (s): cpu = 00:00:21 ; elapsed = 00:00:26 . Memory (MB): peak = 906.039 ; gain = 365.910
---------------------------------------------------------------------------------
---------------------------------------------------------------------------------
Start Handling Custom Attributes
---------------------------------------------------------------------------------
---------------------------------------------------------------------------------
Finished Handling Custom Attributes : Time (s): cpu = 00:00:21 ; elapsed = 00:00:26 . Memory (MB): peak = 906.039 ; gain = 365.910
---------------------------------------------------------------------------------
---------------------------------------------------------------------------------
Start Renaming Generated Nets
---------------------------------------------------------------------------------
---------------------------------------------------------------------------------
Finished Renaming Generated Nets : Time (s): cpu = 00:00:21 ; elapsed = 00:00:26 . Memory (MB): peak = 906.039 ; gain = 365.910
---------------------------------------------------------------------------------
---------------------------------------------------------------------------------
Start Writing Synthesis Report
---------------------------------------------------------------------------------

Report BlackBoxes: 
+-+--------------+----------+
| |BlackBox name |Instances |
+-+--------------+----------+
+-+--------------+----------+

Report Cell Usage: 
+------+-------+------+
|      |Cell   |Count |
+------+-------+------+
|1     |BUFG   |     1|
|2     |CARRY4 |    14|
|3     |LUT1   |     2|
|4     |LUT2   |     2|
|5     |LUT3   |    18|
|6     |LUT5   |     2|
|7     |LUT6   |     5|
|8     |FDCE   |    11|
|9     |FDPE   |     1|
|10    |FDRE   |    36|
|11    |IBUF   |    10|
|12    |OBUF   |     8|
+------+-------+------+

Report Instance Areas: 
+------+-----------------+-------------+------+
|      |Instance         |Module       |Cells |
+------+-----------------+-------------+------+
|1     |top              |             |   110|
|2     |  nolabel_line16 |slowclkgen   |    50|
|3     |  nolabel_line17 |shift        |    16|
|4     |    Stage0       |muxdff       |     2|
|5     |    Stage1       |muxdff_0     |     2|
|6     |    Stage2       |muxdff_1     |     2|
|7     |    Stage3       |muxdff_2     |     2|
|8     |    Stage4       |muxdff_3     |     2|
|9     |    Stage5       |muxdff_4     |     2|
|10    |    Stage6       |muxdff_5     |     2|
|11    |    Stage7       |muxdff_6     |     2|
|12    |  nolabel_line18 |counter      |     8|
|13    |  nolabel_line19 |oddParityGen |     2|
|14    |  nolabel_line22 |displayLED   |    15|
+------+-----------------+-------------+------+
---------------------------------------------------------------------------------
Finished Writing Synthesis Report : Time (s): cpu = 00:00:21 ; elapsed = 00:00:26 . Memory (MB): peak = 906.039 ; gain = 365.910
---------------------------------------------------------------------------------
Synthesis finished with 0 errors, 0 critical warnings and 0 warnings.
Synthesis Optimization Runtime : Time (s): cpu = 00:00:14 ; elapsed = 00:00:23 . Memory (MB): peak = 906.039 ; gain = 264.824
Synthesis Optimization Complete : Time (s): cpu = 00:00:21 ; elapsed = 00:00:26 . Memory (MB): peak = 906.039 ; gain = 365.910
INFO: [Project 1-571] Translating synthesized netlist
INFO: [Netlist 29-17] Analyzing 14 Unisim elements for replacement
INFO: [Netlist 29-28] Unisim Transformation completed in 0 CPU seconds
INFO: [Project 1-570] Preparing netlist for logic optimization
INFO: [Opt 31-138] Pushed 0 inverter(s) to 0 load pin(s).
Netlist sorting complete. Time (s): cpu = 00:00:00 ; elapsed = 00:00:00 . Memory (MB): peak = 922.207 ; gain = 0.000
INFO: [Project 1-111] Unisim Transformation Summary:
No Unisim elements were transformed.

INFO: [Common 17-83] Releasing license: Synthesis
32 Infos, 0 Warnings, 0 Critical Warnings and 0 Errors encountered.
synth_design completed successfully
synth_design: Time (s): cpu = 00:00:26 ; elapsed = 00:00:32 . Memory (MB): peak = 922.207 ; gain = 621.051
Netlist sorting complete. Time (s): cpu = 00:00:00 ; elapsed = 00:00:00 . Memory (MB): peak = 922.207 ; gain = 0.000
WARNING: [Constraints 18-5210] No constraints selected for write.
Resolution: This message can indicate that there are no constraints for the design, or it can indicate that the used_in flags are set such that the constraints are ignored. This later case is used when running synth_design to not write synthesis constraints to the resulting checkpoint. Instead, project constraints are read when the synthesized design is opened.
INFO: [Common 17-1381] The checkpoint 'E:/Vivado/RealVivado/Labs/Lab11_DataTransmission/Lab11_DataTransmission/Lab11_DataTransmission.runs/synth_1/main.dcp' has been generated.
INFO: [runtcl-4] Executing : report_utilization -file main_utilization_synth.rpt -pb main_utilization_synth.pb
INFO: [Common 17-206] Exiting Vivado at Mon Nov  8 19:38:24 2021...
