Vivado Simulator 2019.1
Copyright 1986-1999, 2001-2019 Xilinx, Inc. All Rights Reserved.
Running: E:/Vivado/RealVivado/Vivado/2019.1/bin/unwrapped/win64.o/xelab.exe -wto 0675b45062ac481a9a12e1e04013c063 --incr --debug typical --relax --mt 2 --maxdelay -L xil_defaultlib -L simprims_ver -L secureip --snapshot main_time_synth -transport_int_delays -pulse_r 0 -pulse_int_r 0 -pulse_e 0 -pulse_int_e 0 xil_defaultlib.main xil_defaultlib.glbl -log elaborate.log 
Using 2 slave threads.
Starting static elaboration
Completed static elaboration
Starting simulation data flow analysis
Completed simulation data flow analysis
INFO: [XSIM 43-3451] SDF backannotation process started with SDF file "main_time_synth.sdf", for root module "main/uut".
INFO: [XSIM 43-3452] SDF backannotation was successful for SDF file "main_time_synth.sdf", for root module "main/uut".
Time Resolution for simulation is 1ps
Compiling module simprims_ver.IBUF
Compiling module simprims_ver.BUFG
Compiling module simprims_ver.LUT4
Compiling module simprims_ver.LUT6
Compiling module simprims_ver.FDRE_default
Compiling module simprims_ver.LUT5
Compiling module simprims_ver.x_lut1_mux2
Compiling module simprims_ver.LUT1
Compiling module simprims_ver.CARRY4
Compiling module xil_defaultlib.SlowCLKGen
Compiling module simprims_ver.x_lut3_mux8
Compiling module simprims_ver.LUT3
Compiling module xil_defaultlib.shift
Compiling module xil_defaultlib.shift_0
Compiling module xil_defaultlib.shift_1
Compiling module xil_defaultlib.shift_2
Compiling module xil_defaultlib.shift_3
Compiling module xil_defaultlib.shift_4
Compiling module xil_defaultlib.shift_5
Compiling module xil_defaultlib.shift_6
Compiling module xil_defaultlib.shift_reg
Compiling module xil_defaultlib.Dff
Compiling module simprims_ver.OBUF
Compiling module xil_defaultlib.Parity
Compiling module xil_defaultlib.main
Compiling module xil_defaultlib.glbl
Built simulation snapshot main_time_synth
