#-----------------------------------------------------------
# Vivado v2019.1 (64-bit)
# SW Build 2552052 on Fri May 24 14:49:42 MDT 2019
# IP Build 2548770 on Fri May 24 18:01:18 MDT 2019
# Start of session at: Mon Nov 22 14:16:36 2021
# Process ID: 44512
# Current directory: E:/Vivado/RealVivado/Labs/Lab10
# Command line: vivado.exe -gui_launcher_event rodinguilauncherevent54184 E:\Vivado\RealVivado\Labs\Lab10\Lab10.xpr
# Log file: E:/Vivado/RealVivado/Labs/Lab10/vivado.log
# Journal file: E:/Vivado/RealVivado/Labs/Lab10\vivado.jou
#-----------------------------------------------------------
start_gui
open_project E:/Vivado/RealVivado/Labs/Lab10/Lab10.xpr
Scanning sources...
Finished scanning sources
INFO: [IP_Flow 19-234] Refreshing IP repositories
INFO: [IP_Flow 19-1704] No user IP repositories specified
INFO: [IP_Flow 19-2313] Loaded Vivado IP repository 'E:/Vivado/RealVivado/Vivado/2019.1/data/ip'.
update_compile_order -fileset sources_1
exit
INFO: [Common 17-206] Exiting Vivado at Mon Nov 22 16:47:13 2021...
