#-----------------------------------------------------------
# Vivado v2019.1 (64-bit)
# SW Build 2552052 on Fri May 24 14:49:42 MDT 2019
# IP Build 2548770 on Fri May 24 18:01:18 MDT 2019
# Start of session at: Mon Nov 29 13:15:42 2021
# Process ID: 23908
# Current directory: E:/Vivado/RealVivado/Labs/Lab10
# Command line: vivado.exe -gui_launcher_event rodinguilauncherevent17576 E:\Vivado\RealVivado\Labs\Lab10\Lab10.xpr
# Log file: E:/Vivado/RealVivado/Labs/Lab10/vivado.log
# Journal file: E:/Vivado/RealVivado/Labs/Lab10\vivado.jou
#-----------------------------------------------------------
start_gui
open_project E:/Vivado/RealVivado/Labs/Lab10/Lab10.xpr
Scanning sources...
Finished scanning sources
INFO: [IP_Flow 19-234] Refreshing IP repositories
INFO: [IP_Flow 19-1704] No user IP repositories specified
INFO: [IP_Flow 19-2313] Loaded Vivado IP repository 'E:/Vivado/RealVivado/Vivado/2019.1/data/ip'.
open_project: Time (s): cpu = 00:00:14 ; elapsed = 00:00:07 . Memory (MB): peak = 676.734 ; gain = 105.152
update_compile_order -fileset sources_1
exit
INFO: [Common 17-206] Exiting Vivado at Mon Nov 29 14:42:32 2021...
