
*** Running vivado
    with args -log main.vds -m64 -product Vivado -mode batch -messageDb vivado.pb -notrace -source main.tcl


****** Vivado v2019.1 (64-bit)
  **** SW Build 2552052 on Fri May 24 14:49:42 MDT 2019
  **** IP Build 2548770 on Fri May 24 18:01:18 MDT 2019
    ** Copyright 1986-2019 Xilinx, Inc. All Rights Reserved.

source main.tcl -notrace
Command: synth_design -top main -part xc7a100tcsg324-1
Starting synth_design
Attempting to get a license for feature 'Synthesis' and/or device 'xc7a100t'
INFO: [Common 17-349] Got license for feature 'Synthesis' and/or device 'xc7a100t'
INFO: [Device 21-403] Loading part xc7a100tcsg324-1
INFO: Launching helper process for spawning children vivado processes
INFO: Helper process launched with PID 12652 
---------------------------------------------------------------------------------
Starting RTL Elaboration : Time (s): cpu = 00:00:03 ; elapsed = 00:00:04 . Memory (MB): peak = 716.680 ; gain = 177.492
---------------------------------------------------------------------------------
INFO: [Synth 8-6157] synthesizing module 'main' [E:/Vivado/RealVivado/Labs/Lab8/Lab8.srcs/sources_1/new/main.v:3]
	Parameter clockFrequency bound to: 100000000 - type: integer 
INFO: [Synth 8-6157] synthesizing module 'MusicSheet' [E:/Vivado/RealVivado/Labs/Lab8/Lab8.srcs/sources_1/new/main.v:44]
	Parameter QUARTER bound to: 5'b00001 
	Parameter HALF bound to: 5'b00010 
	Parameter ONE bound to: 4 - type: integer 
	Parameter TWO bound to: 8 - type: integer 
	Parameter FOUR bound to: 16 - type: integer 
	Parameter C4 bound to: 95556.617296 - type: float 
	Parameter E4 bound to: 75843.761851 - type: float 
	Parameter Fs4 bound to: 67568.480655 - type: float 
	Parameter Gb4 bound to: 67568.480655 - type: float 
	Parameter G4 bound to: 63776.323678 - type: float 
	Parameter Gs4 bound to: 60196.722890 - type: float 
	Parameter Ab4 bound to: 60196.722890 - type: float 
	Parameter A4 bound to: 56818 - type: integer 
	Parameter As4 bound to: 53629.655054 - type: float 
	Parameter Bb4 bound to: 53629.655054 - type: float 
	Parameter B4 bound to: 50619.583705 - type: float 
	Parameter C5 bound to: 47778.308648 - type: float 
	Parameter D5 bound to: 42565.508317 - type: float 
	Parameter Ds5 bound to: 40176.777822 - type: float 
	Parameter Eb5 bound to: 40176.777822 - type: float 
	Parameter E5 bound to: 37921.880925 - type: float 
	Parameter F5 bound to: 35793.030381 - type: float 
	Parameter Fs5 bound to: 33784.240328 - type: float 
	Parameter Gb5 bound to: 33784.240328 - type: float 
	Parameter G5 bound to: 31888.161839 - type: float 
	Parameter A5 bound to: 28409 - type: integer 
	Parameter C6 bound to: 23889.154324 - type: float 
	Parameter SP bound to: 1 - type: integer 
INFO: [Synth 8-6155] done synthesizing module 'MusicSheet' (1#1) [E:/Vivado/RealVivado/Labs/Lab8/Lab8.srcs/sources_1/new/main.v:44]
INFO: [Synth 8-6155] done synthesizing module 'main' (2#1) [E:/Vivado/RealVivado/Labs/Lab8/Lab8.srcs/sources_1/new/main.v:3]
WARNING: [Synth 8-3917] design main has port aud_sd driven by constant 1
---------------------------------------------------------------------------------
Finished RTL Elaboration : Time (s): cpu = 00:00:04 ; elapsed = 00:00:05 . Memory (MB): peak = 780.867 ; gain = 241.680
---------------------------------------------------------------------------------

Report Check Netlist: 
+------+------------------+-------+---------+-------+------------------+
|      |Item              |Errors |Warnings |Status |Description       |
+------+------------------+-------+---------+-------+------------------+
|1     |multi_driven_nets |      0|        0|Passed |Multi driven nets |
+------+------------------+-------+---------+-------+------------------+
---------------------------------------------------------------------------------
Start Handling Custom Attributes
---------------------------------------------------------------------------------
---------------------------------------------------------------------------------
Finished Handling Custom Attributes : Time (s): cpu = 00:00:04 ; elapsed = 00:00:05 . Memory (MB): peak = 780.867 ; gain = 241.680
---------------------------------------------------------------------------------
---------------------------------------------------------------------------------
Finished RTL Optimization Phase 1 : Time (s): cpu = 00:00:04 ; elapsed = 00:00:05 . Memory (MB): peak = 780.867 ; gain = 241.680
---------------------------------------------------------------------------------
INFO: [Project 1-570] Preparing netlist for logic optimization

Processing XDC Constraints
Initializing timing engine
Parsing XDC File [E:/Vivado/RealVivado/Labs/Lab8/Nexys-A7-100T-Master.xdc]
WARNING: [Vivado 12-584] No ports matched 'C[6]'. [E:/Vivado/RealVivado/Labs/Lab8/Nexys-A7-100T-Master.xdc:56]
CRITICAL WARNING: [Common 17-55] 'set_property' expects at least one object. [E:/Vivado/RealVivado/Labs/Lab8/Nexys-A7-100T-Master.xdc:56]
Resolution: If [get_<value>] was used to populate the object, check to make sure this command returns at least one valid object.
WARNING: [Vivado 12-584] No ports matched 'C[5]'. [E:/Vivado/RealVivado/Labs/Lab8/Nexys-A7-100T-Master.xdc:57]
CRITICAL WARNING: [Common 17-55] 'set_property' expects at least one object. [E:/Vivado/RealVivado/Labs/Lab8/Nexys-A7-100T-Master.xdc:57]
Resolution: If [get_<value>] was used to populate the object, check to make sure this command returns at least one valid object.
WARNING: [Vivado 12-584] No ports matched 'C[4]'. [E:/Vivado/RealVivado/Labs/Lab8/Nexys-A7-100T-Master.xdc:58]
CRITICAL WARNING: [Common 17-55] 'set_property' expects at least one object. [E:/Vivado/RealVivado/Labs/Lab8/Nexys-A7-100T-Master.xdc:58]
Resolution: If [get_<value>] was used to populate the object, check to make sure this command returns at least one valid object.
WARNING: [Vivado 12-584] No ports matched 'C[3]'. [E:/Vivado/RealVivado/Labs/Lab8/Nexys-A7-100T-Master.xdc:59]
CRITICAL WARNING: [Common 17-55] 'set_property' expects at least one object. [E:/Vivado/RealVivado/Labs/Lab8/Nexys-A7-100T-Master.xdc:59]
Resolution: If [get_<value>] was used to populate the object, check to make sure this command returns at least one valid object.
WARNING: [Vivado 12-584] No ports matched 'C[2]'. [E:/Vivado/RealVivado/Labs/Lab8/Nexys-A7-100T-Master.xdc:60]
CRITICAL WARNING: [Common 17-55] 'set_property' expects at least one object. [E:/Vivado/RealVivado/Labs/Lab8/Nexys-A7-100T-Master.xdc:60]
Resolution: If [get_<value>] was used to populate the object, check to make sure this command returns at least one valid object.
WARNING: [Vivado 12-584] No ports matched 'C[1]'. [E:/Vivado/RealVivado/Labs/Lab8/Nexys-A7-100T-Master.xdc:61]
CRITICAL WARNING: [Common 17-55] 'set_property' expects at least one object. [E:/Vivado/RealVivado/Labs/Lab8/Nexys-A7-100T-Master.xdc:61]
Resolution: If [get_<value>] was used to populate the object, check to make sure this command returns at least one valid object.
WARNING: [Vivado 12-584] No ports matched 'C[0]'. [E:/Vivado/RealVivado/Labs/Lab8/Nexys-A7-100T-Master.xdc:62]
CRITICAL WARNING: [Common 17-55] 'set_property' expects at least one object. [E:/Vivado/RealVivado/Labs/Lab8/Nexys-A7-100T-Master.xdc:62]
Resolution: If [get_<value>] was used to populate the object, check to make sure this command returns at least one valid object.
WARNING: [Vivado 12-584] No ports matched 'AN[0]'. [E:/Vivado/RealVivado/Labs/Lab8/Nexys-A7-100T-Master.xdc:64]
CRITICAL WARNING: [Common 17-55] 'set_property' expects at least one object. [E:/Vivado/RealVivado/Labs/Lab8/Nexys-A7-100T-Master.xdc:64]
Resolution: If [get_<value>] was used to populate the object, check to make sure this command returns at least one valid object.
WARNING: [Vivado 12-584] No ports matched 'AN[1]'. [E:/Vivado/RealVivado/Labs/Lab8/Nexys-A7-100T-Master.xdc:65]
CRITICAL WARNING: [Common 17-55] 'set_property' expects at least one object. [E:/Vivado/RealVivado/Labs/Lab8/Nexys-A7-100T-Master.xdc:65]
Resolution: If [get_<value>] was used to populate the object, check to make sure this command returns at least one valid object.
WARNING: [Vivado 12-584] No ports matched 'AN[2]'. [E:/Vivado/RealVivado/Labs/Lab8/Nexys-A7-100T-Master.xdc:66]
CRITICAL WARNING: [Common 17-55] 'set_property' expects at least one object. [E:/Vivado/RealVivado/Labs/Lab8/Nexys-A7-100T-Master.xdc:66]
Resolution: If [get_<value>] was used to populate the object, check to make sure this command returns at least one valid object.
WARNING: [Vivado 12-584] No ports matched 'AN[3]'. [E:/Vivado/RealVivado/Labs/Lab8/Nexys-A7-100T-Master.xdc:67]
CRITICAL WARNING: [Common 17-55] 'set_property' expects at least one object. [E:/Vivado/RealVivado/Labs/Lab8/Nexys-A7-100T-Master.xdc:67]
Resolution: If [get_<value>] was used to populate the object, check to make sure this command returns at least one valid object.
WARNING: [Vivado 12-584] No ports matched 'A[4]'. [E:/Vivado/RealVivado/Labs/Lab8/Nexys-A7-100T-Master.xdc:68]
CRITICAL WARNING: [Common 17-55] 'set_property' expects at least one object. [E:/Vivado/RealVivado/Labs/Lab8/Nexys-A7-100T-Master.xdc:68]
Resolution: If [get_<value>] was used to populate the object, check to make sure this command returns at least one valid object.
WARNING: [Vivado 12-584] No ports matched 'A[5]'. [E:/Vivado/RealVivado/Labs/Lab8/Nexys-A7-100T-Master.xdc:69]
CRITICAL WARNING: [Common 17-55] 'set_property' expects at least one object. [E:/Vivado/RealVivado/Labs/Lab8/Nexys-A7-100T-Master.xdc:69]
Resolution: If [get_<value>] was used to populate the object, check to make sure this command returns at least one valid object.
WARNING: [Vivado 12-584] No ports matched 'A[6]'. [E:/Vivado/RealVivado/Labs/Lab8/Nexys-A7-100T-Master.xdc:70]
CRITICAL WARNING: [Common 17-55] 'set_property' expects at least one object. [E:/Vivado/RealVivado/Labs/Lab8/Nexys-A7-100T-Master.xdc:70]
Resolution: If [get_<value>] was used to populate the object, check to make sure this command returns at least one valid object.
WARNING: [Vivado 12-584] No ports matched 'A[7]'. [E:/Vivado/RealVivado/Labs/Lab8/Nexys-A7-100T-Master.xdc:71]
CRITICAL WARNING: [Common 17-55] 'set_property' expects at least one object. [E:/Vivado/RealVivado/Labs/Lab8/Nexys-A7-100T-Master.xdc:71]
Resolution: If [get_<value>] was used to populate the object, check to make sure this command returns at least one valid object.
Finished Parsing XDC File [E:/Vivado/RealVivado/Labs/Lab8/Nexys-A7-100T-Master.xdc]
INFO: [Project 1-236] Implementation specific constraints were found while reading constraint file [E:/Vivado/RealVivado/Labs/Lab8/Nexys-A7-100T-Master.xdc]. These constraints will be ignored for synthesis but will be used in implementation. Impacted constraints are listed in the file [.Xil/main_propImpl.xdc].
Resolution: To avoid this warning, move constraints listed in [.Xil/main_propImpl.xdc] to another XDC file and exclude this new file from synthesis with the used_in_synthesis property (File Properties dialog in GUI) and re-run elaboration/synthesis.
Completed Processing XDC Constraints

Netlist sorting complete. Time (s): cpu = 00:00:00 ; elapsed = 00:00:00 . Memory (MB): peak = 895.434 ; gain = 0.000
INFO: [Project 1-111] Unisim Transformation Summary:
No Unisim elements were transformed.

Constraint Validation Runtime : Time (s): cpu = 00:00:00 ; elapsed = 00:00:00.003 . Memory (MB): peak = 895.434 ; gain = 0.000
---------------------------------------------------------------------------------
Finished Constraint Validation : Time (s): cpu = 00:00:09 ; elapsed = 00:00:11 . Memory (MB): peak = 895.434 ; gain = 356.246
---------------------------------------------------------------------------------
---------------------------------------------------------------------------------
Start Loading Part and Timing Information
---------------------------------------------------------------------------------
Loading part: xc7a100tcsg324-1
---------------------------------------------------------------------------------
Finished Loading Part and Timing Information : Time (s): cpu = 00:00:09 ; elapsed = 00:00:11 . Memory (MB): peak = 895.434 ; gain = 356.246
---------------------------------------------------------------------------------
---------------------------------------------------------------------------------
Start Applying 'set_property' XDC Constraints
---------------------------------------------------------------------------------
---------------------------------------------------------------------------------
Finished applying 'set_property' XDC Constraints : Time (s): cpu = 00:00:09 ; elapsed = 00:00:11 . Memory (MB): peak = 895.434 ; gain = 356.246
---------------------------------------------------------------------------------
INFO: [Synth 8-5546] ROM "duration" won't be mapped to RAM because it is too sparse
INFO: [Synth 8-5845] Not enough pipeline registers after wide multiplier. Recommended levels of pipeline registers is 2 [E:/Vivado/RealVivado/Labs/Lab8/Lab8.srcs/sources_1/new/main.v:40]
---------------------------------------------------------------------------------
Finished RTL Optimization Phase 2 : Time (s): cpu = 00:00:10 ; elapsed = 00:00:11 . Memory (MB): peak = 895.434 ; gain = 356.246
---------------------------------------------------------------------------------

Report RTL Partitions: 
+-+--------------+------------+----------+
| |RTL Partition |Replication |Instances |
+-+--------------+------------+----------+
+-+--------------+------------+----------+
---------------------------------------------------------------------------------
Start RTL Component Statistics 
---------------------------------------------------------------------------------
Detailed RTL Component Info : 
+---Adders : 
	   2 Input     10 Bit       Adders := 1     
+---Registers : 
	               10 Bit    Registers := 1     
	                1 Bit    Registers := 1     
+---Muxes : 
	   4 Input      5 Bit        Muxes := 1     
	   2 Input      5 Bit        Muxes := 1     
	 323 Input      2 Bit        Muxes := 1     
	   2 Input      1 Bit        Muxes := 3     
---------------------------------------------------------------------------------
Finished RTL Component Statistics 
---------------------------------------------------------------------------------
---------------------------------------------------------------------------------
Start RTL Hierarchical Component Statistics 
---------------------------------------------------------------------------------
Hierarchical RTL Component report 
Module main 
Detailed RTL Component Info : 
+---Adders : 
	   2 Input     10 Bit       Adders := 1     
+---Registers : 
	               10 Bit    Registers := 1     
	                1 Bit    Registers := 1     
+---Muxes : 
	   2 Input      1 Bit        Muxes := 3     
Module MusicSheet 
Detailed RTL Component Info : 
+---Muxes : 
	   4 Input      5 Bit        Muxes := 1     
	   2 Input      5 Bit        Muxes := 1     
	 323 Input      2 Bit        Muxes := 1     
---------------------------------------------------------------------------------
Finished RTL Hierarchical Component Statistics
---------------------------------------------------------------------------------
---------------------------------------------------------------------------------
Start Part Resource Summary
---------------------------------------------------------------------------------
Part Resources:
DSPs: 240 (col length:80)
BRAMs: 270 (col length: RAMB18 80 RAMB36 40)
---------------------------------------------------------------------------------
Finished Part Resource Summary
---------------------------------------------------------------------------------
---------------------------------------------------------------------------------
Start Cross Boundary and Area Optimization
---------------------------------------------------------------------------------
Warning: Parallel synthesis criteria is not met 
DSP Report: Generating DSP time12, operation Mode is: (A:0xf5e100)*B.
DSP Report: operator time12 is absorbed into DSP time12.
DSP Report: operator time12 is absorbed into DSP time12.
WARNING: [Synth 8-3917] design main has port aud_sd driven by constant 1
---------------------------------------------------------------------------------
Finished Cross Boundary and Area Optimization : Time (s): cpu = 00:00:12 ; elapsed = 00:00:13 . Memory (MB): peak = 895.434 ; gain = 356.246
---------------------------------------------------------------------------------
---------------------------------------------------------------------------------
Start ROM, RAM, DSP and Shift Register Reporting
---------------------------------------------------------------------------------

ROM:
+------------+----------------+---------------+----------------+
|Module Name | RTL Object     | Depth x Width | Implemented As | 
+------------+----------------+---------------+----------------+
|MusicSheet  | note           | 1024x17       | LUT            | 
|main        | number_reg_rep | 1024x17       | Block RAM      | 
+------------+----------------+---------------+----------------+


DSP: Preliminary Mapping  Report (see note below)
+------------+----------------+--------+--------+--------+--------+--------+------+------+------+------+-------+------+------+
|Module Name | DSP Mapping    | A Size | B Size | C Size | D Size | P Size | AREG | BREG | CREG | DREG | ADREG | MREG | PREG | 
+------------+----------------+--------+--------+--------+--------+--------+------+------+------+------+-------+------+------+
|main        | (A:0xf5e100)*B | 25     | 6      | -      | -      | 48     | 0    | 0    | -    | -    | -     | 0    | 0    | 
+------------+----------------+--------+--------+--------+--------+--------+------+------+------+------+-------+------+------+

Note: The table above is a preliminary report that shows the DSPs inferred at the current stage of the synthesis flow. Some DSP may be reimplemented as non DSP primitives later in the synthesis flow. Multiple instantiated DSPs are reported only once.
---------------------------------------------------------------------------------
Finished ROM, RAM, DSP and Shift Register Reporting
---------------------------------------------------------------------------------
INFO: [Synth 8-6837] The timing for the instance counter00/number_reg_rep (implemented as a Block RAM) might be sub-optimal as no optional output register could be merged into the block ram. Providing additional output register may help in improving timing.

Report RTL Partitions: 
+-+--------------+------------+----------+
| |RTL Partition |Replication |Instances |
+-+--------------+------------+----------+
+-+--------------+------------+----------+
---------------------------------------------------------------------------------
Start Applying XDC Timing Constraints
---------------------------------------------------------------------------------
---------------------------------------------------------------------------------
Finished Applying XDC Timing Constraints : Time (s): cpu = 00:00:24 ; elapsed = 00:00:26 . Memory (MB): peak = 924.242 ; gain = 385.055
---------------------------------------------------------------------------------
---------------------------------------------------------------------------------
Start Timing Optimization
---------------------------------------------------------------------------------
---------------------------------------------------------------------------------
Finished Timing Optimization : Time (s): cpu = 00:00:25 ; elapsed = 00:00:27 . Memory (MB): peak = 946.547 ; gain = 407.359
---------------------------------------------------------------------------------

Report RTL Partitions: 
+-+--------------+------------+----------+
| |RTL Partition |Replication |Instances |
+-+--------------+------------+----------+
+-+--------------+------------+----------+
---------------------------------------------------------------------------------
Start Technology Mapping
---------------------------------------------------------------------------------
INFO: [Synth 8-6837] The timing for the instance number_reg_rep (implemented as a Block RAM) might be sub-optimal as no optional output register could be merged into the block ram. Providing additional output register may help in improving timing.
---------------------------------------------------------------------------------
Finished Technology Mapping : Time (s): cpu = 00:00:25 ; elapsed = 00:00:27 . Memory (MB): peak = 947.742 ; gain = 408.555
---------------------------------------------------------------------------------

Report RTL Partitions: 
+-+--------------+------------+----------+
| |RTL Partition |Replication |Instances |
+-+--------------+------------+----------+
+-+--------------+------------+----------+
---------------------------------------------------------------------------------
Start IO Insertion
---------------------------------------------------------------------------------
---------------------------------------------------------------------------------
Start Flattening Before IO Insertion
---------------------------------------------------------------------------------
---------------------------------------------------------------------------------
Finished Flattening Before IO Insertion
---------------------------------------------------------------------------------
---------------------------------------------------------------------------------
Start Final Netlist Cleanup
---------------------------------------------------------------------------------
---------------------------------------------------------------------------------
Finished Final Netlist Cleanup
---------------------------------------------------------------------------------
---------------------------------------------------------------------------------
Finished IO Insertion : Time (s): cpu = 00:00:27 ; elapsed = 00:00:29 . Memory (MB): peak = 952.547 ; gain = 413.359
---------------------------------------------------------------------------------

Report Check Netlist: 
+------+------------------+-------+---------+-------+------------------+
|      |Item              |Errors |Warnings |Status |Description       |
+------+------------------+-------+---------+-------+------------------+
|1     |multi_driven_nets |      0|        0|Passed |Multi driven nets |
+------+------------------+-------+---------+-------+------------------+
---------------------------------------------------------------------------------
Start Renaming Generated Instances
---------------------------------------------------------------------------------
---------------------------------------------------------------------------------
Finished Renaming Generated Instances : Time (s): cpu = 00:00:27 ; elapsed = 00:00:29 . Memory (MB): peak = 952.547 ; gain = 413.359
---------------------------------------------------------------------------------

Report RTL Partitions: 
+-+--------------+------------+----------+
| |RTL Partition |Replication |Instances |
+-+--------------+------------+----------+
+-+--------------+------------+----------+
---------------------------------------------------------------------------------
Start Rebuilding User Hierarchy
---------------------------------------------------------------------------------
---------------------------------------------------------------------------------
Finished Rebuilding User Hierarchy : Time (s): cpu = 00:00:27 ; elapsed = 00:00:29 . Memory (MB): peak = 952.547 ; gain = 413.359
---------------------------------------------------------------------------------
---------------------------------------------------------------------------------
Start Renaming Generated Ports
---------------------------------------------------------------------------------
---------------------------------------------------------------------------------
Finished Renaming Generated Ports : Time (s): cpu = 00:00:27 ; elapsed = 00:00:29 . Memory (MB): peak = 952.547 ; gain = 413.359
---------------------------------------------------------------------------------
---------------------------------------------------------------------------------
Start Handling Custom Attributes
---------------------------------------------------------------------------------
---------------------------------------------------------------------------------
Finished Handling Custom Attributes : Time (s): cpu = 00:00:27 ; elapsed = 00:00:29 . Memory (MB): peak = 952.547 ; gain = 413.359
---------------------------------------------------------------------------------
---------------------------------------------------------------------------------
Start Renaming Generated Nets
---------------------------------------------------------------------------------
---------------------------------------------------------------------------------
Finished Renaming Generated Nets : Time (s): cpu = 00:00:27 ; elapsed = 00:00:29 . Memory (MB): peak = 952.547 ; gain = 413.359
---------------------------------------------------------------------------------
---------------------------------------------------------------------------------
Start Writing Synthesis Report
---------------------------------------------------------------------------------

Report BlackBoxes: 
+-+--------------+----------+
| |BlackBox name |Instances |
+-+--------------+----------+
+-+--------------+----------+

Report Cell Usage: 
+------+-----------+------+
|      |Cell       |Count |
+------+-----------+------+
|1     |BUFG       |     1|
|2     |CARRY4     |    22|
|3     |DSP48E1    |     1|
|4     |LUT1       |     2|
|5     |LUT2       |     9|
|6     |LUT3       |    13|
|7     |LUT4       |    52|
|8     |LUT5       |    11|
|9     |LUT6       |    45|
|10    |RAMB18E1_1 |     1|
|11    |FDRE       |    63|
|12    |IBUF       |     3|
|13    |OBUF       |     2|
+------+-----------+------+

Report Instance Areas: 
+------+---------+-------+------+
|      |Instance |Module |Cells |
+------+---------+-------+------+
|1     |top      |       |   225|
+------+---------+-------+------+
---------------------------------------------------------------------------------
Finished Writing Synthesis Report : Time (s): cpu = 00:00:27 ; elapsed = 00:00:29 . Memory (MB): peak = 952.547 ; gain = 413.359
---------------------------------------------------------------------------------
Synthesis finished with 0 errors, 0 critical warnings and 1 warnings.
Synthesis Optimization Runtime : Time (s): cpu = 00:00:21 ; elapsed = 00:00:27 . Memory (MB): peak = 952.547 ; gain = 298.793
Synthesis Optimization Complete : Time (s): cpu = 00:00:27 ; elapsed = 00:00:29 . Memory (MB): peak = 952.547 ; gain = 413.359
INFO: [Project 1-571] Translating synthesized netlist
INFO: [Netlist 29-17] Analyzing 24 Unisim elements for replacement
INFO: [Netlist 29-28] Unisim Transformation completed in 0 CPU seconds
INFO: [Project 1-570] Preparing netlist for logic optimization
INFO: [Opt 31-138] Pushed 0 inverter(s) to 0 load pin(s).
Netlist sorting complete. Time (s): cpu = 00:00:00 ; elapsed = 00:00:00 . Memory (MB): peak = 952.547 ; gain = 0.000
INFO: [Project 1-111] Unisim Transformation Summary:
No Unisim elements were transformed.

INFO: [Common 17-83] Releasing license: Synthesis
20 Infos, 17 Warnings, 15 Critical Warnings and 0 Errors encountered.
synth_design completed successfully
synth_design: Time (s): cpu = 00:00:32 ; elapsed = 00:00:36 . Memory (MB): peak = 952.547 ; gain = 661.551
Netlist sorting complete. Time (s): cpu = 00:00:00 ; elapsed = 00:00:00 . Memory (MB): peak = 952.547 ; gain = 0.000
WARNING: [Constraints 18-5210] No constraints selected for write.
Resolution: This message can indicate that there are no constraints for the design, or it can indicate that the used_in flags are set such that the constraints are ignored. This later case is used when running synth_design to not write synthesis constraints to the resulting checkpoint. Instead, project constraints are read when the synthesized design is opened.
INFO: [Common 17-1381] The checkpoint 'E:/Vivado/RealVivado/Labs/Lab8/Lab8.runs/synth_1/main.dcp' has been generated.
INFO: [runtcl-4] Executing : report_utilization -file main_utilization_synth.rpt -pb main_utilization_synth.pb
INFO: [Common 17-206] Exiting Vivado at Tue Oct 19 10:05:35 2021...
